<?xml version="1.0" encoding="UTF-8"?>
<testsuite xmlns:xsi="http://www.w3.org/2001/XMLSchema-instance" xsi:noNamespaceSchemaLocation="https://maven.apache.org/surefire/maven-surefire-plugin/xsd/surefire-test-report.xsd" version="3.0.2" name="com.soap.projeto.cliente.financeiro.ApplicationTests" time="2.715" tests="1" errors="0" skipped="0" failures="0" flakes="0">
  <properties>
[...]
</properties>
  <testcase name="contextLoads" classname="com.soap.projeto.cliente.financeiro.ApplicationTests" time="0.753">
    <system-out><![CDATA[20:08:04.811 [main] INFO org.springframework.test.context.support.AnnotationConfigContextLoaderUtils -- Could not detect default configuration classes for test class [com.soap.projeto.cliente.financeiro.ApplicationTests]: ApplicationTests does not declare any static, non-private, non-final, nested classes annotated with @Configuration.
20:08:04.932 [main] INFO org.springframework.boot.test.context.SpringBootTestContextBootstrapper -- Found @SpringBootConfiguration com.soap.projeto.cliente.financeiro.Application for test class com.soap.projeto.cliente.financeiro.ApplicationTests

  .   ____          _            __ _ _
 /\\ / ___'_ __ _ _(_)_ __  __ _ \ \ \ \
( ( )\___ | '_ | '_| | '_ \/ _` | \ \ \ \
 \\/  ___)| |_)| | | | | || (_| |  ) ) ) )
  '  |____| .__|_| |_|_| |_\__, | / / / /
 =========|_|==============|___/=/_/_/_/

 :: Spring Boot ::               (v3.5.14)

2026-06-06T20:08:05.339-03:00  INFO 22000 --- [cliente.financeiro] [           main] c.s.p.c.financeiro.ApplicationTests      : Starting ApplicationTests using Java 21.0.10 with PID 22000 (started by lucas in C:\Users\lucas\Downloads\cliente.financeiro_soap\cliente.financeiro)
2026-06-06T20:08:05.340-03:00  INFO 22000 --- [cliente.financeiro] [           main] c.s.p.c.financeiro.ApplicationTests      : No active profile set, falling back to 1 default profile: "default"
2026-06-06T20:08:06.136-03:00  INFO 22000 --- [cliente.financeiro] [           main] o.s.ws.soap.saaj.SaajSoapMessageFactory  : Creating SAAJ 1.3 MessageFactory with SOAP 1.1 Protocol
2026-06-06T20:08:06.584-03:00  INFO 22000 --- [cliente.financeiro] [           main] .w.s.a.s.AnnotationActionEndpointMapping : Supporting [WS-Addressing August 2004, WS-Addressing 1.0]
2026-06-06T20:08:06.619-03:00  INFO 22000 --- [cliente.financeiro] [           main] c.s.p.c.financeiro.ApplicationTests      : Started ApplicationTests in 1.54 seconds (process running for 2.389)
]]></system-out>
    <system-err><![CDATA[Mockito is currently self-attaching to enable the inline-mock-maker. This will no longer work in future releases of the JDK. Please add Mockito as an agent to your build as described in Mockito's documentation: https://javadoc.io/doc/org.mockito/mockito-core/latest/org.mockito/org/mockito/Mockito.html#0.3
WARNING: A Java agent has been loaded dynamically (C:\Users\lucas\.m2\repository\net\bytebuddy\byte-buddy-agent\1.17.8\byte-buddy-agent-1.17.8.jar)
WARNING: If a serviceability tool is in use, please run with -XX:+EnableDynamicAgentLoading to hide this warning
WARNING: If a serviceability tool is not in use, please run with -Djdk.instrument.traceUsage for more information
WARNING: Dynamic loading of agents will be disallowed by default in a future release
]]></system-err>
  </testcase>
</testsuite>